# JRE version: OpenJDK Runtime Environment Temurin-21.0.10+7 (21.0.10+7) (build 21.0.10+7-LTS)
# Java VM: OpenJDK 64-Bit Server VM Temurin-21.0.10+7 (21.0.10+7-LTS, mixed mode, sharing, tiered, compressed oops, compressed class ptrs, parallel gc, windows-amd64)
GC Precious Log:
 CardTable entry size: 512
 CPUs: 12 total, 12 available
 Memory: 16211M
 Large Page Support: Disabled
 NUMA Support: Disabled
 Compressed Oops: Enabled (32-bit)
 Alignments: Space 512K, Generation 512K, Heap 2M
 Heap Min Capacity: 100M
 Heap Initial Capacity: 100M
 Heap Max Capacity: 2G
 Pre-touch: Disabled
 Parallel Workers: 10
Heap:
 PSYoungGen      total 13312K, used 3099K [0x00000000d5580000, 0x00000000d6380000, 0x0000000100000000)
  eden space 12288K, 20% used [0x00000000d5580000,0x00000000d57eec80,0x00000000d6180000)
  from space 1024K, 59% used [0x00000000d6280000,0x00000000d6318000,0x00000000d6380000)
  to   space 1024K, 0% used [0x00000000d6180000,0x00000000d6180000,0x00000000d6280000)
 ParOldGen       total 68608K, used 48221K [0x0000000080000000, 0x0000000084300000, 0x00000000d5580000)
  object space 68608K, 70% used [0x0000000080000000,0x0000000082f17408,0x0000000084300000)
 Metaspace       used 68962K, committed 70464K, reserved 1114112K
  class space    used 8692K, committed 9344K, reserved 1048576K
GC Heap History (20 events):
Event: 40.913 GC heap before
{Heap before GC invocations=52 (full 3):
 PSYoungGen      total 13824K, used 13611K [0x00000000d5580000, 0x00000000d6400000, 0x0000000100000000)
  eden space 12800K, 100% used [0x00000000d5580000,0x00000000d6200000,0x00000000d6200000)
  from space 1024K, 79% used [0x00000000d6300000,0x00000000d63cac48,0x00000000d6400000)
  to   space 1024K, 0% used [0x00000000d6200000,0x00000000d6200000,0x00000000d6300000)
 ParOldGen       total 68608K, used 44739K [0x0000000080000000, 0x0000000084300000, 0x00000000d5580000)
  object space 68608K, 65% used [0x0000000080000000,0x0000000082bb0dd0,0x0000000084300000)
 Metaspace       used 64003K, committed 65280K, reserved 1114112K
  class space    used 8042K, committed 8640K, reserved 1048576K
}
Event: 40.914 GC heap after
{Heap after GC invocations=52 (full 3):
 PSYoungGen      total 13824K, used 811K [0x00000000d5580000, 0x00000000d6400000, 0x0000000100000000)
  eden space 12800K, 0% used [0x00000000d5580000,0x00000000d5580000,0x00000000d6200000)
  from space 1024K, 79% used [0x00000000d6200000,0x00000000d62cae40,0x00000000d6300000)
  to   space 1024K, 0% used [0x00000000d6300000,0x00000000d6300000,0x00000000d6400000)
 ParOldGen       total 68608K, used 44956K [0x0000000080000000, 0x0000000084300000, 0x00000000d5580000)
  object space 68608K, 65% used [0x0000000080000000,0x0000000082be71d0,0x0000000084300000)
 Metaspace       used 64003K, committed 65280K, reserved 1114112K
  class space    used 8042K, committed 8640K, reserved 1048576K
}
Event: 40.964 GC heap before
{Heap before GC invocations=53 (full 3):
 PSYoungGen      total 13824K, used 13611K [0x00000000d5580000, 0x00000000d6400000, 0x0000000100000000)
  eden space 12800K, 100% used [0x00000000d5580000,0x00000000d6200000,0x00000000d6200000)
  from space 1024K, 79% used [0x00000000d6200000,0x00000000d62cae40,0x00000000d6300000)
  to   space 1024K, 0% used [0x00000000d6300000,0x00000000d6300000,0x00000000d6400000)
 ParOldGen       total 68608K, used 44956K [0x0000000080000000, 0x0000000084300000, 0x00000000d5580000)
  object space 68608K, 65% used [0x0000000080000000,0x0000000082be71d0,0x0000000084300000)
 Metaspace       used 64003K, committed 65280K, reserved 1114112K
  class space    used 8042K, committed 8640K, reserved 1048576K
}
Event: 40.964 GC heap after
{Heap after GC invocations=53 (full 3):
 PSYoungGen      total 13312K, used 256K [0x00000000d5580000, 0x00000000d6380000, 0x0000000100000000)
  eden space 12800K, 0% used [0x00000000d5580000,0x00000000d5580000,0x00000000d6200000)
  from space 512K, 50% used [0x00000000d6300000,0x00000000d6340000,0x00000000d6380000)
  to   space 512K, 0% used [0x00000000d6280000,0x00000000d6280000,0x00000000d6300000)
 ParOldGen       total 68608K, used 45591K [0x0000000080000000, 0x0000000084300000, 0x00000000d5580000)
  object space 68608K, 66% used [0x0000000080000000,0x0000000082c85ea8,0x0000000084300000)
 Metaspace       used 64003K, committed 65280K, reserved 1114112K
  class space    used 8042K, committed 8640K, reserved 1048576K
}
Event: 41.079 GC heap before
{Heap before GC invocations=54 (full 3):
 PSYoungGen      total 13312K, used 13056K [0x00000000d5580000, 0x00000000d6380000, 0x0000000100000000)
  eden space 12800K, 100% used [0x00000000d5580000,0x00000000d6200000,0x00000000d6200000)
  from space 512K, 50% used [0x00000000d6300000,0x00000000d6340000,0x00000000d6380000)
  to   space 512K, 0% used [0x00000000d6280000,0x00000000d6280000,0x00000000d6300000)
 ParOldGen       total 68608K, used 45591K [0x0000000080000000, 0x0000000084300000, 0x00000000d5580000)
  object space 68608K, 66% used [0x0000000080000000,0x0000000082c85ea8,0x0000000084300000)
 Metaspace       used 65136K, committed 66432K, reserved 1114112K
  class space    used 8221K, committed 8832K, reserved 1048576K
}
Event: 41.079 GC heap after
{Heap after GC invocations=54 (full 3):
 PSYoungGen      total 13312K, used 496K [0x00000000d5580000, 0x00000000d6400000, 0x0000000100000000)
  eden space 12800K, 0% used [0x00000000d5580000,0x00000000d5580000,0x00000000d6200000)
  from space 512K, 97% used [0x00000000d6280000,0x00000000d62fc348,0x00000000d6300000)
  to   space 1024K, 0% used [0x00000000d6300000,0x00000000d6300000,0x00000000d6400000)
 ParOldGen       total 68608K, used 45663K [0x0000000080000000, 0x0000000084300000, 0x00000000d5580000)
  object space 68608K, 66% used [0x0000000080000000,0x0000000082c97eb8,0x0000000084300000)
 Metaspace       used 65136K, committed 66432K, reserved 1114112K
  class space    used 8221K, committed 8832K, reserved 1048576K
}
Event: 41.431 GC heap before
{Heap before GC invocations=55 (full 3):
 PSYoungGen      total 13312K, used 13296K [0x00000000d5580000, 0x00000000d6400000, 0x0000000100000000)
  eden space 12800K, 100% used [0x00000000d5580000,0x00000000d6200000,0x00000000d6200000)
  from space 512K, 97% used [0x00000000d6280000,0x00000000d62fc348,0x00000000d6300000)
  to   space 1024K, 0% used [0x00000000d6300000,0x00000000d6300000,0x00000000d6400000)
 ParOldGen       total 68608K, used 45663K [0x0000000080000000, 0x0000000084300000, 0x00000000d5580000)
  object space 68608K, 66% used [0x0000000080000000,0x0000000082c97eb8,0x0000000084300000)
 Metaspace       used 66670K, committed 67968K, reserved 1114112K
  class space    used 8442K, committed 9024K, reserved 1048576K
}
Event: 41.432 GC heap after
{Heap after GC invocations=55 (full 3):
 PSYoungGen      total 13824K, used 512K [0x00000000d5580000, 0x00000000d6400000, 0x0000000100000000)
  eden space 12800K, 0% used [0x00000000d5580000,0x00000000d5580000,0x00000000d6200000)
  from space 1024K, 50% used [0x00000000d6300000,0x00000000d6380010,0x00000000d6400000)
  to   space 1024K, 0% used [0x00000000d6200000,0x00000000d6200000,0x00000000d6300000)
 ParOldGen       total 68608K, used 46054K [0x0000000080000000, 0x0000000084300000, 0x00000000d5580000)
  object space 68608K, 67% used [0x0000000080000000,0x0000000082cf9bc8,0x0000000084300000)
 Metaspace       used 66670K, committed 67968K, reserved 1114112K
  class space    used 8442K, committed 9024K, reserved 1048576K
}
Event: 41.682 GC heap before
{Heap before GC invocations=56 (full 3):
 PSYoungGen      total 13824K, used 13247K [0x00000000d5580000, 0x00000000d6400000, 0x0000000100000000)
  eden space 12800K, 99% used [0x00000000d5580000,0x00000000d61efc68,0x00000000d6200000)
  from space 1024K, 50% used [0x00000000d6300000,0x00000000d6380010,0x00000000d6400000)
  to   space 1024K, 0% used [0x00000000d6200000,0x00000000d6200000,0x00000000d6300000)
 ParOldGen       total 68608K, used 46054K [0x0000000080000000, 0x0000000084300000, 0x00000000d5580000)
  object space 68608K, 67% used [0x0000000080000000,0x0000000082cf9bc8,0x0000000084300000)
 Metaspace       used 66889K, committed 68224K, reserved 1114112K
  class space    used 8456K, committed 9088K, reserved 1048576K
}
Event: 41.683 GC heap after
{Heap after GC invocations=56 (full 3):
 PSYoungGen      total 13824K, used 320K [0x00000000d5580000, 0x00000000d6380000, 0x0000000100000000)
  eden space 12800K, 0% used [0x00000000d5580000,0x00000000d5580000,0x00000000d6200000)
  from space 1024K, 31% used [0x00000000d6200000,0x00000000d6250010,0x00000000d6300000)
  to   space 512K, 0% used [0x00000000d6300000,0x00000000d6300000,0x00000000d6380000)
 ParOldGen       total 68608K, used 46519K [0x0000000080000000, 0x0000000084300000, 0x00000000d5580000)
  object space 68608K, 67% used [0x0000000080000000,0x0000000082d6dc18,0x0000000084300000)
 Metaspace       used 66889K, committed 68224K, reserved 1114112K
  class space    used 8456K, committed 9088K, reserved 1048576K
}
Event: 41.833 GC heap before
{Heap before GC invocations=57 (full 3):
 PSYoungGen      total 13824K, used 12947K [0x00000000d5580000, 0x00000000d6380000, 0x0000000100000000)
  eden space 12800K, 98% used [0x00000000d5580000,0x00000000d61d4e40,0x00000000d6200000)
  from space 1024K, 31% used [0x00000000d6200000,0x00000000d6250010,0x00000000d6300000)
  to   space 512K, 0% used [0x00000000d6300000,0x00000000d6300000,0x00000000d6380000)
 ParOldGen       total 68608K, used 46519K [0x0000000080000000, 0x0000000084300000, 0x00000000d5580000)
  object space 68608K, 67% used [0x0000000080000000,0x0000000082d6dc18,0x0000000084300000)
 Metaspace       used 67319K, committed 68736K, reserved 1114112K
  class space    used 8524K, committed 9152K, reserved 1048576K
}
Event: 41.834 GC heap after
{Heap after GC invocations=57 (full 3):
 PSYoungGen      total 12800K, used 496K [0x00000000d5580000, 0x00000000d6500000, 0x0000000100000000)
  eden space 12288K, 0% used [0x00000000d5580000,0x00000000d5580000,0x00000000d6180000)
  from space 512K, 96% used [0x00000000d6300000,0x00000000d637c168,0x00000000d6380000)
  to   space 1536K, 0% used [0x00000000d6180000,0x00000000d6180000,0x00000000d6300000)
 ParOldGen       total 68608K, used 47149K [0x0000000080000000, 0x0000000084300000, 0x00000000d5580000)
  object space 68608K, 68% used [0x0000000080000000,0x0000000082e0b5f8,0x0000000084300000)
 Metaspace       used 67319K, committed 68736K, reserved 1114112K
  class space    used 8524K, committed 9152K, reserved 1048576K
}
Event: 42.142 GC heap before
{Heap before GC invocations=58 (full 3):
 PSYoungGen      total 12800K, used 12784K [0x00000000d5580000, 0x00000000d6500000, 0x0000000100000000)
  eden space 12288K, 100% used [0x00000000d5580000,0x00000000d6180000,0x00000000d6180000)
  from space 512K, 96% used [0x00000000d6300000,0x00000000d637c168,0x00000000d6380000)
  to   space 1536K, 0% used [0x00000000d6180000,0x00000000d6180000,0x00000000d6300000)
 ParOldGen       total 68608K, used 47149K [0x0000000080000000, 0x0000000084300000, 0x00000000d5580000)
  object space 68608K, 68% used [0x0000000080000000,0x0000000082e0b5f8,0x0000000084300000)
 Metaspace       used 67432K, committed 68800K, reserved 1114112K
  class space    used 8537K, committed 9152K, reserved 1048576K
}
Event: 42.143 GC heap after
{Heap after GC invocations=58 (full 3):
 PSYoungGen      total 12800K, used 384K [0x00000000d5580000, 0x00000000d6380000, 0x0000000100000000)
  eden space 12288K, 0% used [0x00000000d5580000,0x00000000d5580000,0x00000000d6180000)
  from space 512K, 75% used [0x00000000d6180000,0x00000000d61e0000,0x00000000d6200000)
  to   space 1024K, 0% used [0x00000000d6280000,0x00000000d6280000,0x00000000d6380000)
 ParOldGen       total 68608K, used 47571K [0x0000000080000000, 0x0000000084300000, 0x00000000d5580000)
  object space 68608K, 69% used [0x0000000080000000,0x0000000082e74d78,0x0000000084300000)
 Metaspace       used 67432K, committed 68800K, reserved 1114112K
  class space    used 8537K, committed 9152K, reserved 1048576K
}
Event: 42.307 GC heap before
{Heap before GC invocations=59 (full 3):
 PSYoungGen      total 12800K, used 12672K [0x00000000d5580000, 0x00000000d6380000, 0x0000000100000000)
  eden space 12288K, 100% used [0x00000000d5580000,0x00000000d6180000,0x00000000d6180000)
  from space 512K, 75% used [0x00000000d6180000,0x00000000d61e0000,0x00000000d6200000)
  to   space 1024K, 0% used [0x00000000d6280000,0x00000000d6280000,0x00000000d6380000)
 ParOldGen       total 68608K, used 47571K [0x0000000080000000, 0x0000000084300000, 0x00000000d5580000)
  object space 68608K, 69% used [0x0000000080000000,0x0000000082e74d78,0x0000000084300000)
 Metaspace       used 67475K, committed 68800K, reserved 1114112K
  class space    used 8538K, committed 9152K, reserved 1048576K
}
Event: 42.308 GC heap after
{Heap after GC invocations=59 (full 3):
 PSYoungGen      total 12800K, used 256K [0x00000000d5580000, 0x00000000d6300000, 0x0000000100000000)
  eden space 12288K, 0% used [0x00000000d5580000,0x00000000d5580000,0x00000000d6180000)
  from space 512K, 50% used [0x00000000d6280000,0x00000000d62c0000,0x00000000d6300000)
  to   space 512K, 0% used [0x00000000d6180000,0x00000000d6180000,0x00000000d6200000)
 ParOldGen       total 68608K, used 47707K [0x0000000080000000, 0x0000000084300000, 0x00000000d5580000)
  object space 68608K, 69% used [0x0000000080000000,0x0000000082e96d78,0x0000000084300000)
 Metaspace       used 67475K, committed 68800K, reserved 1114112K
  class space    used 8538K, committed 9152K, reserved 1048576K
}
Event: 42.539 GC heap before
{Heap before GC invocations=60 (full 3):
 PSYoungGen      total 12800K, used 12543K [0x00000000d5580000, 0x00000000d6300000, 0x0000000100000000)
  eden space 12288K, 99% used [0x00000000d5580000,0x00000000d617ffe0,0x00000000d6180000)
  from space 512K, 50% used [0x00000000d6280000,0x00000000d62c0000,0x00000000d6300000)
  to   space 512K, 0% used [0x00000000d6180000,0x00000000d6180000,0x00000000d6200000)
 ParOldGen       total 68608K, used 47707K [0x0000000080000000, 0x0000000084300000, 0x00000000d5580000)
  object space 68608K, 69% used [0x0000000080000000,0x0000000082e96d78,0x0000000084300000)
 Metaspace       used 68142K, committed 69568K, reserved 1114112K
  class space    used 8612K, committed 9280K, reserved 1048576K
}
Event: 42.540 GC heap after
{Heap after GC invocations=60 (full 3):
 PSYoungGen      total 12800K, used 488K [0x00000000d5580000, 0x00000000d6380000, 0x0000000100000000)
  eden space 12288K, 0% used [0x00000000d5580000,0x00000000d5580000,0x00000000d6180000)
  from space 512K, 95% used [0x00000000d6180000,0x00000000d61fa1b8,0x00000000d6200000)
  to   space 1024K, 0% used [0x00000000d6280000,0x00000000d6280000,0x00000000d6380000)
 ParOldGen       total 68608K, used 47828K [0x0000000080000000, 0x0000000084300000, 0x00000000d5580000)
  object space 68608K, 69% used [0x0000000080000000,0x0000000082eb5008,0x0000000084300000)
 Metaspace       used 68142K, committed 69568K, reserved 1114112K
  class space    used 8612K, committed 9280K, reserved 1048576K
}
Event: 271.556 GC heap before
{Heap before GC invocations=61 (full 3):
 PSYoungGen      total 12800K, used 12776K [0x00000000d5580000, 0x00000000d6380000, 0x0000000100000000)
  eden space 12288K, 100% used [0x00000000d5580000,0x00000000d6180000,0x00000000d6180000)
  from space 512K, 95% used [0x00000000d6180000,0x00000000d61fa1b8,0x00000000d6200000)
  to   space 1024K, 0% used [0x00000000d6280000,0x00000000d6280000,0x00000000d6380000)
 ParOldGen       total 68608K, used 47828K [0x0000000080000000, 0x0000000084300000, 0x00000000d5580000)
  object space 68608K, 69% used [0x0000000080000000,0x0000000082eb5008,0x0000000084300000)
 Metaspace       used 68654K, committed 70144K, reserved 1114112K
  class space    used 8662K, committed 9344K, reserved 1048576K
}
Event: 271.557 GC heap after
{Heap after GC invocations=61 (full 3):
 PSYoungGen      total 13312K, used 608K [0x00000000d5580000, 0x00000000d6380000, 0x0000000100000000)
  eden space 12288K, 0% used [0x00000000d5580000,0x00000000d5580000,0x00000000d6180000)
  from space 1024K, 59% used [0x00000000d6280000,0x00000000d6318000,0x00000000d6380000)
  to   space 1024K, 0% used [0x00000000d6180000,0x00000000d6180000,0x00000000d6280000)
 ParOldGen       total 68608K, used 48221K [0x0000000080000000, 0x0000000084300000, 0x00000000d5580000)
  object space 68608K, 70% used [0x0000000080000000,0x0000000082f17408,0x0000000084300000)
 Metaspace       used 68654K, committed 70144K, reserved 1114112K
  class space    used 8662K, committed 9344K, reserved 1048576K
}

